# JRE version: OpenJDK Runtime Environment (8.0_152-b01) (build 1.8.0_152-release-1343-b01)
# Java VM: OpenJDK 64-Bit Server VM (25.152-b01 mixed mode windows-amd64 compressed oops)
Heap:
 PSYoungGen      total 342016K, used 65751K [0x00000000e0000000, 0x00000000ff000000, 0x0000000100000000)
  eden space 192512K, 0% used [0x00000000e0000000,0x00000000e0000000,0x00000000ebc00000)
  from space 149504K, 43% used [0x00000000f5e00000,0x00000000f9e35d58,0x00000000ff000000)
  to   space 157696K, 0% used [0x00000000ebc00000,0x00000000ebc00000,0x00000000f5600000)
 ParOldGen       total 1048576K, used 925620K [0x00000000a0000000, 0x00000000e0000000, 0x00000000e0000000)
  object space 1048576K, 88% used [0x00000000a0000000,0x00000000d87ed300,0x00000000e0000000)
 Metaspace       used 93681K, capacity 97664K, committed 97880K, reserved 1134592K
  class space    used 11857K, capacity 12635K, committed 12672K, reserved 1048576K
GC Heap History (10 events):
Event: 129.529 GC heap after
Heap after GC invocations=23 (full 3):
 PSYoungGen      total 365568K, used 103822K [0x00000000e0000000, 0x0000000100000000, 0x0000000100000000)
  eden space 226304K, 0% used [0x00000000e0000000,0x00000000e0000000,0x00000000edd00000)
  from space 139264K, 74% used [0x00000000f7800000,0x00000000fdd638f8,0x0000000100000000)
  to   space 148992K, 0% used [0x00000000edd00000,0x00000000edd00000,0x00000000f6e80000)
 ParOldGen       total 1048576K, used 329068K [0x00000000a0000000, 0x00000000e0000000, 0x00000000e0000000)
  object space 1048576K, 31% used [0x00000000a0000000,0x00000000b415b238,0x00000000e0000000)
 Metaspace       used 93632K, capacity 97588K, committed 97880K, reserved 1134592K
  class space    used 11852K, capacity 12633K, committed 12672K, reserved 1048576K
}
Event: 129.724 GC heap before
{Heap before GC invocations=24 (full 3):
 PSYoungGen      total 365568K, used 330126K [0x00000000e0000000, 0x0000000100000000, 0x0000000100000000)
  eden space 226304K, 100% used [0x00000000e0000000,0x00000000edd00000,0x00000000edd00000)
  from space 139264K, 74% used [0x00000000f7800000,0x00000000fdd638f8,0x0000000100000000)
  to   space 148992K, 0% used [0x00000000edd00000,0x00000000edd00000,0x00000000f6e80000)
 ParOldGen       total 1048576K, used 336084K [0x00000000a0000000, 0x00000000e0000000, 0x00000000e0000000)
  object space 1048576K, 32% used [0x00000000a0000000,0x00000000b4835208,0x00000000e0000000)
 Metaspace       used 93662K, capacity 97658K, committed 97880K, reserved 1134592K
  class space    used 11856K, capacity 12634K, committed 12672K, reserved 1048576K
Event: 129.753 GC heap after
Heap after GC invocations=24 (full 3):
 PSYoungGen      total 337920K, used 111203K [0x00000000e0000000, 0x0000000100000000, 0x0000000100000000)
  eden space 226304K, 0% used [0x00000000e0000000,0x00000000e0000000,0x00000000edd00000)
  from space 111616K, 99% used [0x00000000edd00000,0x00000000f4998cf0,0x00000000f4a00000)
  to   space 158720K, 0% used [0x00000000f6500000,0x00000000f6500000,0x0000000100000000)
 ParOldGen       total 1048576K, used 435376K [0x00000000a0000000, 0x00000000e0000000, 0x00000000e0000000)
  object space 1048576K, 41% used [0x00000000a0000000,0x00000000ba92c120,0x00000000e0000000)
 Metaspace       used 93662K, capacity 97658K, committed 97880K, reserved 1134592K
  class space    used 11856K, capacity 12634K, committed 12672K, reserved 1048576K
}
Event: 130.015 GC heap before
{Heap before GC invocations=25 (full 3):
 PSYoungGen      total 337920K, used 337507K [0x00000000e0000000, 0x0000000100000000, 0x0000000100000000)
  eden space 226304K, 100% used [0x00000000e0000000,0x00000000edd00000,0x00000000edd00000)
  from space 111616K, 99% used [0x00000000edd00000,0x00000000f4998cf0,0x00000000f4a00000)
  to   space 158720K, 0% used [0x00000000f6500000,0x00000000f6500000,0x0000000100000000)
 ParOldGen       total 1048576K, used 497806K [0x00000000a0000000, 0x00000000e0000000, 0x00000000e0000000)
  object space 1048576K, 47% used [0x00000000a0000000,0x00000000be623a50,0x00000000e0000000)
 Metaspace       used 93666K, capacity 97658K, committed 97880K, reserved 1134592K
  class space    used 11856K, capacity 12634K, committed 12672K, reserved 1048576K
Event: 130.046 GC heap after
Heap after GC invocations=25 (full 3):
 PSYoungGen      total 351232K, used 109221K [0x00000000e0000000, 0x0000000100000000, 0x0000000100000000)
  eden space 192512K, 0% used [0x00000000e0000000,0x00000000e0000000,0x00000000ebc00000)
  from space 158720K, 68% used [0x00000000f6500000,0x00000000fcfa9490,0x0000000100000000)
  to   space 165888K, 0% used [0x00000000ebc00000,0x00000000ebc00000,0x00000000f5e00000)
 ParOldGen       total 1048576K, used 600415K [0x00000000a0000000, 0x00000000e0000000, 0x00000000e0000000)
  object space 1048576K, 57% used [0x00000000a0000000,0x00000000c4a57db8,0x00000000e0000000)
 Metaspace       used 93666K, capacity 97658K, committed 97880K, reserved 1134592K
  class space    used 11856K, capacity 12634K, committed 12672K, reserved 1048576K
}
Event: 130.197 GC heap before
{Heap before GC invocations=26 (full 3):
 PSYoungGen      total 351232K, used 301733K [0x00000000e0000000, 0x0000000100000000, 0x0000000100000000)
  eden space 192512K, 100% used [0x00000000e0000000,0x00000000ebc00000,0x00000000ebc00000)
  from space 158720K, 68% used [0x00000000f6500000,0x00000000fcfa9490,0x0000000100000000)
  to   space 165888K, 0% used [0x00000000ebc00000,0x00000000ebc00000,0x00000000f5e00000)
 ParOldGen       total 1048576K, used 622626K [0x00000000a0000000, 0x00000000e0000000, 0x00000000e0000000)
  object space 1048576K, 59% used [0x00000000a0000000,0x00000000c6008ae0,0x00000000e0000000)
 Metaspace       used 93667K, capacity 97658K, committed 97880K, reserved 1134592K
  class space    used 11856K, capacity 12634K, committed 12672K, reserved 1048576K
Event: 130.228 GC heap after
Heap after GC invocations=26 (full 3):
 PSYoungGen      total 358400K, used 95057K [0x00000000e0000000, 0x0000000100000000, 0x0000000100000000)
  eden space 192512K, 0% used [0x00000000e0000000,0x00000000e0000000,0x00000000ebc00000)
  from space 165888K, 57% used [0x00000000ebc00000,0x00000000f18d46f0,0x00000000f5e00000)
  to   space 165888K, 0% used [0x00000000f5e00000,0x00000000f5e00000,0x0000000100000000)
 ParOldGen       total 1048576K, used 739349K [0x00000000a0000000, 0x00000000e0000000, 0x00000000e0000000)
  object space 1048576K, 70% used [0x00000000a0000000,0x00000000cd2055e8,0x00000000e0000000)
 Metaspace       used 93667K, capacity 97658K, committed 97880K, reserved 1134592K
  class space    used 11856K, capacity 12634K, committed 12672K, reserved 1048576K
}
Event: 131.202 GC heap before
{Heap before GC invocations=27 (full 3):
 PSYoungGen      total 358400K, used 287569K [0x00000000e0000000, 0x0000000100000000, 0x0000000100000000)
  eden space 192512K, 100% used [0x00000000e0000000,0x00000000ebc00000,0x00000000ebc00000)
  from space 165888K, 57% used [0x00000000ebc00000,0x00000000f18d46f0,0x00000000f5e00000)
  to   space 165888K, 0% used [0x00000000f5e00000,0x00000000f5e00000,0x0000000100000000)
 ParOldGen       total 1048576K, used 830779K [0x00000000a0000000, 0x00000000e0000000, 0x00000000e0000000)
  object space 1048576K, 79% used [0x00000000a0000000,0x00000000d2b4ee48,0x00000000e0000000)
 Metaspace       used 93681K, capacity 97664K, committed 97880K, reserved 1134592K
  class space    used 11857K, capacity 12635K, committed 12672K, reserved 1048576K
Event: 131.231 GC heap after
Heap after GC invocations=27 (full 3):
 PSYoungGen      total 342016K, used 65751K [0x00000000e0000000, 0x00000000ff000000, 0x0000000100000000)
  eden space 192512K, 0% used [0x00000000e0000000,0x00000000e0000000,0x00000000ebc00000)
  from space 149504K, 43% used [0x00000000f5e00000,0x00000000f9e35d58,0x00000000ff000000)
  to   space 157696K, 0% used [0x00000000ebc00000,0x00000000ebc00000,0x00000000f5600000)
 ParOldGen       total 1048576K, used 925620K [0x00000000a0000000, 0x00000000e0000000, 0x00000000e0000000)
  object space 1048576K, 88% used [0x00000000a0000000,0x00000000d87ed300,0x00000000e0000000)
 Metaspace       used 93681K, capacity 97664K, committed 97880K, reserved 1134592K
  class space    used 11857K, capacity 12635K, committed 12672K, reserved 1048576K
}
Event: 131.231 GC heap before
{Heap before GC invocations=28 (full 4):
 PSYoungGen      total 342016K, used 65751K [0x00000000e0000000, 0x00000000ff000000, 0x0000000100000000)
  eden space 192512K, 0% used [0x00000000e0000000,0x00000000e0000000,0x00000000ebc00000)
  from space 149504K, 43% used [0x00000000f5e00000,0x00000000f9e35d58,0x00000000ff000000)
  to   space 157696K, 0% used [0x00000000ebc00000,0x00000000ebc00000,0x00000000f5600000)
 ParOldGen       total 1048576K, used 925620K [0x00000000a0000000, 0x00000000e0000000, 0x00000000e0000000)
  object space 1048576K, 88% used [0x00000000a0000000,0x00000000d87ed300,0x00000000e0000000)
 Metaspace       used 93681K, capacity 97664K, committed 97880K, reserved 1134592K
  class space    used 11857K, capacity 12635K, committed 12672K, reserved 1048576K

